<?xml version="1.0" encoding="UTF-8"?>
<!-- Generated by org.testng.reporters.JUnitReportReporter -->
<testsuite hostname="WINDOWS-5RLB6OD" failures="0" tests="1" name="myTestng.Apple" time="0.008" errors="0" timestamp="23 May 2024 11:26:10 GMT" skipped="0">
  <testcase classname="myTestng.Apple" name="m3" time="0.008"/>
</testsuite> <!-- myTestng.Apple -->
