<?xml version="1.0" encoding="UTF-8"?>
<!-- Generated by org.testng.reporters.JUnitReportReporter -->
<testsuite hostname="WINDOWS-5RLB6OD" failures="0" tests="1" name="com.testingTestNG.TestBase" time="0.006" errors="0" timestamp="23 Jan 2024 06:31:26 GMT" skipped="0">
  <testcase classname="com.testingTestNG.TestBase" name="mc" time="0.006"/>
</testsuite> <!-- com.testingTestNG.TestBase -->
