<?xml version="1.0" encoding="UTF-8"?>
<!-- Generated by org.testng.reporters.JUnitReportReporter -->
<testsuite hostname="WINDOWS-5RLB6OD" failures="0" tests="2" name="com.testingTestNG.Sample" time="0.012" errors="0" timestamp="31 Jan 2024 07:51:08 GMT" skipped="0">
  <testcase classname="com.testingTestNG.Sample" name="m2" time="0.010"/>
  <testcase classname="com.testingTestNG.Sample" name="m1" time="0.002"/>
</testsuite> <!-- com.testingTestNG.Sample -->
