<?xml version="1.0" encoding="UTF-8"?>
<!-- Generated by org.testng.reporters.JUnitReportReporter -->
<testsuite hostname="WINDOWS-5RLB6OD" failures="0" tests="4" name="com.testingTestNG.B" time="0.038" errors="0" timestamp="31 Jan 2024 07:51:08 GMT" skipped="0">
  <testcase classname="com.testingTestNG.B" name="m3" time="0.013"/>
  <testcase classname="com.testingTestNG.B" name="m2" time="0.009"/>
  <testcase classname="com.testingTestNG.B" name="m4" time="0.012"/>
  <testcase classname="com.testingTestNG.B" name="m1" time="0.004"/>
</testsuite> <!-- com.testingTestNG.B -->
