<?xml version="1.0" encoding="UTF-8"?>
<!-- Generated by org.testng.reporters.JUnitReportReporter -->
<testsuite hostname="WINDOWS-5RLB6OD" failures="0" tests="1" name="com.testingTestNG.Sneakers" time="18.511" errors="0" timestamp="31 Jan 2024 17:33:16 GMT" skipped="0">
  <testcase classname="com.testingTestNG.Sneakers" name="m1" time="18.511"/>
</testsuite> <!-- com.testingTestNG.Sneakers -->
