<?xml version="1.0" encoding="UTF-8"?>
<!-- Generated by org.testng.reporters.JUnitReportReporter -->
<testsuite hostname="WINDOWS-5RLB6OD" failures="0" tests="5" name="com.testingTestNG.DPDemo" time="0.058" errors="0" timestamp="01 Feb 2024 07:44:28 GMT" skipped="0">
  <testcase classname="com.testingTestNG.DPDemo" name="myTestCase" time="0.019"/>
  <testcase classname="com.testingTestNG.DPDemo" name="myTestCase" time="0.014"/>
  <testcase classname="com.testingTestNG.DPDemo" name="myTestCase" time="0.009"/>
  <testcase classname="com.testingTestNG.DPDemo" name="myTestCase" time="0.007"/>
  <testcase classname="com.testingTestNG.DPDemo" name="myTestCase" time="0.009"/>
</testsuite> <!-- com.testingTestNG.DPDemo -->
