<?xml version="1.0" encoding="UTF-8"?>
<!-- Generated by org.testng.reporters.JUnitReportReporter -->
<testsuite hostname="WINDOWS-5RLB6OD" failures="0" tests="1" name="com.testingTestNG.Sample22" time="0.025" errors="0" timestamp="22 Jan 2024 09:04:21 GMT" skipped="0">
  <testcase classname="com.testingTestNG.Sample22" name="m1" time="0.025"/>
</testsuite> <!-- com.testingTestNG.Sample22 -->
