<?xml version="1.0" encoding="UTF-8"?>
<!-- Generated by org.testng.reporters.JUnitReportReporter -->
<testsuite hostname="WINDOWS-5RLB6OD" failures="0" tests="7" name="com.testingTestNG.A" time="0.109" errors="0" timestamp="01 Feb 2024 06:24:46 GMT" skipped="1">
  <testcase classname="com.testingTestNG.A" name="m5" time="0.050"/>
  <testcase classname="com.testingTestNG.A" name="m5" time="0.021"/>
  <testcase classname="com.testingTestNG.A" name="m4" time="0.006"/>
  <testcase classname="com.testingTestNG.A" name="m2" time="0.008"/>
  <testcase classname="com.testingTestNG.A" name="m3" time="0.013"/>
  <testcase classname="com.testingTestNG.A" name="Test" time="0.011"/>
  <testcase classname="com.testingTestNG.A" name="m1">
    <skipped/>
  </testcase> <!-- m1 -->
</testsuite> <!-- com.testingTestNG.A -->
