<?xml version="1.0" encoding="UTF-8"?>
<!-- Generated by org.testng.reporters.JUnitReportReporter -->
<testsuite hostname="WINDOWS-5RLB6OD" failures="0" tests="3" name="com.testingTestNG.C" time="0.044" errors="0" timestamp="31 Jan 2024 07:51:08 GMT" skipped="0">
  <testcase classname="com.testingTestNG.C" name="c2" time="0.023"/>
  <testcase classname="com.testingTestNG.C" name="c1" time="0.013"/>
  <testcase classname="com.testingTestNG.C" name="c3" time="0.008"/>
</testsuite> <!-- com.testingTestNG.C -->
